[Mon Jun 17 18:33:11 2024] PHP 8.3.8 Development Server (http://localhost:8080) started
[Mon Jun 17 18:33:12 2024] [::1]:53137 Accepted
[Mon Jun 17 18:33:12 2024] [::1]:53137 [200]: GET /index.html
[Mon Jun 17 18:33:12 2024] [::1]:53137 Closing
[Mon Jun 17 18:33:12 2024] [::1]:53138 Accepted
[Mon Jun 17 18:33:12 2024] [::1]:53138 [200]: GET /styles.css
[Mon Jun 17 18:33:12 2024] [::1]:53138 Closing
[Mon Jun 17 18:33:15 2024] [::1]:53139 Accepted
[Mon Jun 17 18:33:15 2024] [::1]:53139 [200]: GET /index.html
[Mon Jun 17 18:33:15 2024] [::1]:53139 Closing
[Mon Jun 17 18:33:15 2024] [::1]:53140 Accepted
[Mon Jun 17 18:33:15 2024] [::1]:53140 [200]: GET /styles.css
[Mon Jun 17 18:33:15 2024] [::1]:53140 Closing
[Mon Jun 17 18:33:17 2024] [::1]:53141 Accepted
[Mon Jun 17 18:33:17 2024] [::1]:53141 [200]: GET /
[Mon Jun 17 18:33:17 2024] [::1]:53141 Closing
[Mon Jun 17 18:33:17 2024] [::1]:53142 Accepted
[Mon Jun 17 18:33:17 2024] [::1]:53142 [200]: GET /styles.css
[Mon Jun 17 18:33:17 2024] [::1]:53142 Closing
[Mon Jun 17 18:33:49 2024] [::1]:53149 Accepted
[Mon Jun 17 18:33:49 2024] [::1]:53150 Accepted
[Mon Jun 17 18:33:49 2024] [::1]:53150 [200]: GET /
[Mon Jun 17 18:33:49 2024] [::1]:53150 Closing
[Mon Jun 17 18:33:49 2024] [::1]:53149 [200]: GET /styles.css
[Mon Jun 17 18:33:49 2024] [::1]:53149 Closing
[Mon Jun 17 18:33:53 2024] [::1]:53151 Accepted
[Mon Jun 17 18:33:53 2024] [::1]:53152 Accepted
[Mon Jun 17 18:33:53 2024] [::1]:53152 [200]: GET /
[Mon Jun 17 18:33:53 2024] [::1]:53152 Closing
[Mon Jun 17 18:33:53 2024] [::1]:53151 [200]: GET /styles.css
[Mon Jun 17 18:33:53 2024] [::1]:53151 Closing
[Mon Jun 17 18:34:10 2024] [::1]:53154 Accepted
[Mon Jun 17 18:34:11 2024] [::1]:53155 Accepted
[Mon Jun 17 18:34:11 2024] [::1]:53155 [200]: GET /
[Mon Jun 17 18:34:11 2024] [::1]:53155 Closing
[Mon Jun 17 18:34:11 2024] [::1]:53154 [200]: GET /styles.css
[Mon Jun 17 18:34:11 2024] [::1]:53154 Closing
[Mon Jun 17 18:34:58 2024] [::1]:53156 Accepted
[Mon Jun 17 18:34:58 2024] [::1]:53156 [200]: GET /
[Mon Jun 17 18:34:58 2024] [::1]:53156 Closing
[Mon Jun 17 18:34:58 2024] [::1]:53157 Accepted
[Mon Jun 17 18:34:58 2024] [::1]:53157 [200]: GET /styles.css
[Mon Jun 17 18:34:58 2024] [::1]:53157 Closing
